C51 COMPILER V9.01   LED1                                                                  09/16/2017 23:33:42 PAGE 1   


C51 COMPILER V9.01, COMPILATION OF MODULE LED1
OBJECT MODULE PLACED IN led1.OBJ
COMPILER INVOKED BY: C:\Keil\C51\BIN\C51.EXE led1.c BROWSE DEBUG OBJECTEXTEND

line level    source

   1          #include<reg51.h>
   2          sbit sw=P0^0;
   3          sbit led=P1^0;
   4          void delay(unsigned char x)
   5          {
   6   1      int i,j;
   7   1      for(i=0;i<x;i++)
   8   1      for(j=0;j<1275;j++);
   9   1      }
  10          void main()
  11          {
  12   1      P0=0XFF;
  13   1      P1=0X00;
  14   1              while(1)
  15   1              {
  16   2                      while(sw==0)
  17   2                      {
  18   3                              led=1;
  19   3                      }
  20   2              
  21   2              }
  22   1      }


MODULE INFORMATION:   STATIC OVERLAYABLE
   CODE SIZE        =     50    ----
   CONSTANT SIZE    =   ----    ----
   XDATA SIZE       =   ----    ----
   PDATA SIZE       =   ----    ----
   DATA SIZE        =   ----    ----
   IDATA SIZE       =   ----    ----
   BIT SIZE         =   ----    ----
END OF MODULE INFORMATION.


C51 COMPILATION COMPLETE.  0 WARNING(S),  0 ERROR(S)
